\BOOKMARK [-1][-]{part*.1}{\376\377\000E\000n\000v\000i\000r\000o\000n\000n\000e\000m\000e\000n\000t\000\040\000d\000e\000\040\000t\000r\000a\000v\000a\000i\000l}{}% 1
\BOOKMARK [0][-]{chapter.1}{\376\377\000C\000h\000a\000p\000t\000e\000r\000\040\0001\000.\000\040\000C\000o\000n\000s\000t\000r\000u\000i\000r\000e\000\040\000d\000e\000s\000\040\000a\000p\000p\000l\000i\000c\000a\000t\000i\000o\000n\000s\000\040\000m\000a\000i\000n\000t\000e\000n\000a\000b\000l\000e\000s}{part*.1}% 2
\BOOKMARK [1][-]{section.1.1}{\376\377\0001\000.\000\040\0001\0002\000\040\000f\000a\000c\000t\000e\000u\000r\000s}{chapter.1}% 3
\BOOKMARK [1][-]{section.1.2}{\376\377\0002\000.\000\040\000U\000n\000e\000\040\000b\000a\000s\000e\000\040\000d\000e\000\040\000c\000o\000d\000e\000\040\000u\000n\000i\000q\000u\000e\000,\000\040\000s\000u\000i\000v\000i\000e\000\040\000p\000a\000r\000\040\000u\000n\000\040\000s\000y\000s\000t\000\350\000m\000e\000\040\000d\000e\000\040\000c\000o\000n\000t\000r\000\364\000l\000e\000\040\000d\000e\000\040\000v\000e\000r\000s\000i\000o\000n\000s}{chapter.1}% 4
\BOOKMARK [1][-]{section.1.3}{\376\377\0003\000.\000\040\000B\000o\000n\000n\000e\000s\000\040\000p\000r\000a\000t\000i\000q\000u\000e\000s}{chapter.1}% 5
\BOOKMARK [1][-]{section.1.4}{\376\377\0004\000.\000\040\000S\000O\000L\000I\000D}{chapter.1}% 6
\BOOKMARK [1][-]{section.1.5}{\376\377\0005\000.\000\040\000C\000o\000m\000p\000l\000e\000x\000i\000t\000\351\000\040\000d\000e\000\040\000M\000c\000C\000a\000b\000e}{chapter.1}% 7
\BOOKMARK [0][-]{chapter.2}{\376\377\000C\000h\000a\000p\000t\000e\000r\000\040\0002\000.\000\040\000B\000o\000i\000t\000e\000\040\000\340\000\040\000o\000u\000t\000i\000l\000s}{part*.1}% 8
\BOOKMARK [1][-]{section.2.1}{\376\377\0001\000.\000\040\000P\000y\000t\000h\000o\000n}{chapter.2}% 9
\BOOKMARK [1][-]{section.2.2}{\376\377\0002\000.\000\040\000E\000n\000v\000i\000r\000o\000n\000n\000e\000m\000e\000n\000t\000\040\000d\000e\000\040\000d\000\351\000v\000e\000l\000o\000p\000p\000e\000m\000e\000n\000t}{chapter.2}% 10
\BOOKMARK [1][-]{section.2.3}{\376\377\0003\000.\000\040\000U\000n\000\040\000t\000e\000r\000m\000i\000n\000a\000l}{chapter.2}% 11
\BOOKMARK [1][-]{section.2.4}{\376\377\0004\000.\000\040\000U\000n\000\040\000g\000e\000s\000t\000i\000o\000n\000n\000a\000i\000r\000e\000\040\000d\000e\000\040\000b\000a\000s\000e\000\040\000d\000e\000\040\000d\000o\000n\000n\000\351\000e\000s}{chapter.2}% 12
\BOOKMARK [1][-]{section.2.5}{\376\377\0005\000.\000\040\000U\000n\000\040\000g\000e\000s\000t\000i\000o\000n\000n\000a\000i\000r\000e\000\040\000d\000e\000\040\000m\000o\000t\000s\000\040\000d\000e\000\040\000p\000a\000s\000s\000e}{chapter.2}% 13
\BOOKMARK [1][-]{section.2.6}{\376\377\0006\000.\000\040\000U\000n\000\040\000s\000y\000s\000t\000\350\000m\000e\000\040\000d\000e\000\040\000g\000e\000s\000t\000i\000o\000n\000\040\000d\000e\000\040\000v\000e\000r\000s\000i\000o\000n\000s}{chapter.2}% 14
\BOOKMARK [1][-]{section.2.7}{\376\377\0007\000.\000\040\000U\000n\000\040\000s\000y\000s\000t\000\350\000m\000e\000\040\000d\000e\000\040\000v\000i\000r\000t\000u\000a\000l\000i\000s\000a\000t\000i\000o\000n}{chapter.2}% 15
\BOOKMARK [0][-]{chapter.3}{\376\377\000C\000h\000a\000p\000t\000e\000r\000\040\0003\000.\000\040\000U\000n\000\040\000p\000r\000o\000j\000e\000t\000\040\000D\000j\000a\000n\000g\000o}{part*.1}% 16
\BOOKMARK [1][-]{section.3.1}{\376\377\0001\000.\000\040\000T\000r\000a\000v\000a\000i\000l\000l\000e\000r\000\040\000e\000n\000\040\000i\000s\000o\000l\000a\000t\000i\000o\000n}{chapter.3}% 17
\BOOKMARK [1][-]{section.3.2}{\376\377\0002\000.\000\040\000D\000j\000a\000n\000g\000o}{chapter.3}% 18
\BOOKMARK [1][-]{section.3.3}{\376\377\0003\000.\000\040\000S\000t\000r\000u\000c\000t\000u\000r\000e\000\040\000f\000i\000n\000a\000l\000e\000\040\000d\000e\000\040\000n\000o\000t\000r\000e\000\040\000e\000n\000v\000i\000r\000o\000n\000n\000e\000m\000e\000n\000t}{chapter.3}% 19
\BOOKMARK [1][-]{section.3.4}{\376\377\0004\000.\000\040\000C\000o\000o\000k\000i\000e\000\040\000c\000u\000t\000t\000e\000r}{chapter.3}% 20
\BOOKMARK [-1][-]{part*.2}{\376\377\000D\000\351\000p\000l\000o\000i\000e\000m\000e\000n\000t}{}% 21
\BOOKMARK [0][-]{chapter.4}{\376\377\000C\000h\000a\000p\000t\000e\000r\000\040\0004\000.\000\040\000I\000n\000f\000r\000a\000s\000t\000r\000u\000c\000t\000u\000r\000e\000\040\000\046\000\040\000c\000o\000m\000p\000o\000s\000a\000n\000t\000s}{part*.2}% 22
\BOOKMARK [1][-]{section.4.1}{\376\377\0001\000.\000\040\000R\000e\000v\000e\000r\000s\000e\000\040\000p\000r\000o\000x\000y}{chapter.4}% 23
\BOOKMARK [1][-]{section.4.2}{\376\377\0002\000.\000\040\000L\000o\000a\000d\000\040\000b\000a\000l\000a\000n\000c\000e\000r}{chapter.4}% 24
\BOOKMARK [1][-]{section.4.3}{\376\377\0003\000.\000\040\000W\000o\000r\000k\000e\000r\000s}{chapter.4}% 25
\BOOKMARK [1][-]{section.4.4}{\376\377\0004\000.\000\040\000S\000u\000p\000e\000r\000v\000i\000s\000i\000o\000n\000\040\000d\000e\000s\000\040\000p\000r\000o\000c\000e\000s\000s\000u\000s}{chapter.4}% 26
\BOOKMARK [1][-]{section.4.5}{\376\377\0005\000.\000\040\000B\000a\000s\000e\000\040\000d\000e\000\040\000d\000o\000n\000n\000\351\000e\000s}{chapter.4}% 27
\BOOKMARK [1][-]{section.4.6}{\376\377\0006\000.\000\040\000T\000\342\000c\000h\000e\000s\000\040\000a\000s\000y\000n\000c\000h\000r\000o\000n\000e\000s}{chapter.4}% 28
\BOOKMARK [1][-]{section.4.7}{\376\377\0007\000.\000\040\000M\000i\000s\000e\000\040\000e\000n\000\040\000c\000a\000c\000h\000e}{chapter.4}% 29
\BOOKMARK [0][-]{chapter.5}{\376\377\000C\000h\000a\000p\000t\000e\000r\000\040\0005\000.\000\040\000C\000o\000d\000e\000\040\000s\000o\000u\000r\000c\000e}{part*.2}% 30
\BOOKMARK [0][-]{chapter.6}{\376\377\000C\000h\000a\000p\000t\000e\000r\000\040\0006\000.\000\040\000O\000u\000t\000i\000l\000s\000\040\000d\000e\000\040\000s\000u\000p\000e\000r\000v\000i\000s\000i\000o\000n\000\040\000e\000t\000\040\000d\000e\000\040\000m\000i\000s\000e\000\040\000\340\000\040\000d\000i\000s\000p\000o\000s\000i\000t\000i\000o\000n}{part*.2}% 31
\BOOKMARK [0][-]{chapter.7}{\376\377\000C\000h\000a\000p\000t\000e\000r\000\040\0007\000.\000\040\000M\000\351\000t\000h\000o\000d\000e\000\040\000d\000e\000\040\000d\000\351\000p\000l\000o\000i\000e\000m\000e\000n\000t}{part*.2}% 32
\BOOKMARK [1][-]{section.7.1}{\376\377\0001\000.\000\040\000S\000u\000r\000\040\000u\000n\000e\000\040\000m\000a\000c\000h\000i\000n\000e\000\040\000h\000\364\000t\000e}{chapter.7}% 33
\BOOKMARK [1][-]{section.7.2}{\376\377\0002\000.\000\040\000D\000\351\000p\000l\000o\000i\000e\000m\000e\000n\000t\000\040\000s\000u\000r\000\040\000D\000e\000b\000i\000a\000n}{chapter.7}% 34
\BOOKMARK [1][-]{section.7.3}{\376\377\0003\000.\000\040\000H\000e\000r\000o\000k\000u}{chapter.7}% 35
\BOOKMARK [1][-]{section.7.4}{\376\377\0004\000.\000\040\000D\000o\000c\000k\000e\000r\000-\000C\000o\000m\000p\000o\000s\000e}{chapter.7}% 36
\BOOKMARK [0][-]{chapter.8}{\376\377\000C\000h\000a\000p\000t\000e\000r\000\040\0008\000.\000\040\000S\000u\000p\000e\000r\000v\000i\000s\000i\000o\000n}{part*.2}% 37
\BOOKMARK [0][-]{chapter.9}{\376\377\000C\000h\000a\000p\000t\000e\000r\000\040\0009\000.\000\040\000A\000u\000t\000r\000e\000s\000\040\000o\000u\000t\000i\000l\000s}{part*.2}% 38
\BOOKMARK [0][-]{chapter.10}{\376\377\000C\000h\000a\000p\000t\000e\000r\000\040\0001\0000\000.\000\040\000R\000e\000s\000s\000o\000u\000r\000c\000e\000s}{part*.2}% 39
\BOOKMARK [-1][-]{part*.3}{\376\377\000D\000j\000a\000n\000g\000o}{}% 40
\BOOKMARK [0][-]{chapter.11}{\376\377\000C\000h\000a\000p\000t\000e\000r\000\040\0001\0001\000.\000\040\000M\000o\000d\000\351\000l\000i\000s\000a\000t\000i\000o\000n}{part*.3}% 41
\BOOKMARK [1][-]{section.11.1}{\376\377\0001\000.\000\040\000M\000o\000d\000\351\000l\000i\000s\000a\000t\000i\000o\000n\000\040\000d\000e\000\040\000b\000a\000s\000e}{chapter.11}% 42
\BOOKMARK [0][-]{chapter.12}{\376\377\000C\000h\000a\000p\000t\000e\000r\000\040\0001\0002\000.\000\040\000M\000i\000g\000r\000a\000t\000i\000o\000n\000s}{part*.3}% 43
\BOOKMARK [1][-]{section.12.1}{\376\377\0001\000.\000\040\000D\000e\000s\000c\000r\000i\000p\000t\000i\000o\000n\000\040\000d\040\031\000u\000n\000e\000\040\000m\000i\000g\000r\000a\000t\000i\000o\000n}{chapter.12}% 44
\BOOKMARK [1][-]{section.12.2}{\376\377\0002\000.\000\040\000A\000p\000p\000l\000i\000c\000a\000t\000i\000o\000n\000\040\000d\040\031\000u\000n\000e\000\040\000o\000u\000\040\000p\000l\000u\000s\000i\000e\000u\000r\000s\000\040\000m\000i\000g\000r\000a\000t\000i\000o\000n\000s}{chapter.12}% 45
\BOOKMARK [1][-]{section.12.3}{\376\377\0003\000.\000\040\000A\000n\000a\000l\000y\000s\000e}{chapter.12}% 46
\BOOKMARK [0][-]{chapter.13}{\376\377\000C\000h\000a\000p\000t\000e\000r\000\040\0001\0003\000.\000\040\000S\000h\000e\000l\000l}{part*.3}% 47
\BOOKMARK [0][-]{chapter.14}{\376\377\000C\000h\000a\000p\000t\000e\000r\000\040\0001\0004\000.\000\040\000A\000d\000m\000i\000n\000i\000s\000t\000r\000a\000t\000i\000o\000n}{part*.3}% 48
\BOOKMARK [1][-]{section.14.1}{\376\377\0001\000.\000\040\000L\000e\000\040\000m\000o\000d\000\350\000l\000e\000\040\000d\000e\000\040\000d\000o\000n\000n\000\351\000e\000s}{chapter.14}% 49
\BOOKMARK [1][-]{section.14.2}{\376\377\0002\000.\000\040\000Q\000u\000e\000l\000q\000u\000e\000s\000\040\000c\000o\000n\000s\000e\000i\000l\000s\000\040\000d\000e\000\040\000b\000a\000s\000e}{chapter.14}% 50
\BOOKMARK [1][-]{section.14.3}{\376\377\0003\000.\000\040\000a\000d\000m\000i\000n\000.\000M\000o\000d\000e\000l\000A\000d\000m\000i\000n}{chapter.14}% 51
\BOOKMARK [1][-]{section.14.4}{\376\377\0004\000.\000\040\000L\040\031\000a\000f\000f\000i\000c\000h\000a\000g\000e}{chapter.14}% 52
\BOOKMARK [1][-]{section.14.5}{\376\377\0005\000.\000\040\000L\000e\000s\000\040\000f\000i\000l\000t\000r\000e\000s}{chapter.14}% 53
\BOOKMARK [1][-]{section.14.6}{\376\377\0006\000.\000\040\000L\000e\000s\000\040\000p\000e\000r\000m\000i\000s\000s\000i\000o\000n\000s}{chapter.14}% 54
\BOOKMARK [1][-]{section.14.7}{\376\377\0007\000.\000\040\000L\000e\000s\000\040\000r\000e\000l\000a\000t\000i\000o\000n\000s}{chapter.14}% 55
\BOOKMARK [1][-]{section.14.8}{\376\377\0008\000.\000\040\000L\000a\000\040\000p\000r\000\351\000s\000e\000n\000t\000a\000t\000i\000o\000n}{chapter.14}% 56
\BOOKMARK [1][-]{section.14.9}{\376\377\0009\000.\000\040\000L\000e\000s\000\040\000a\000c\000t\000i\000o\000n\000s\000\040\000s\000u\000r\000\040\000d\000e\000s\000\040\000s\000\351\000l\000e\000c\000t\000i\000o\000n\000s}{chapter.14}% 57
\BOOKMARK [0][-]{chapter.15}{\376\377\000C\000h\000a\000p\000t\000e\000r\000\040\0001\0005\000.\000\040\000F\000o\000r\000m\000s}{part*.3}% 58
\BOOKMARK [1][-]{section.15.1}{\376\377\0001\000.\000\040\000F\000l\000u\000x\000\040\000d\000e\000\040\000v\000a\000l\000i\000d\000a\000t\000i\000o\000n}{chapter.15}% 59
\BOOKMARK [1][-]{section.15.2}{\376\377\0002\000.\000\040\000D\000\351\000p\000e\000n\000d\000a\000n\000c\000e\000\040\000a\000v\000e\000c\000\040\000l\000e\000\040\000m\000o\000d\000\350\000l\000e}{chapter.15}% 60
\BOOKMARK [1][-]{section.15.3}{\376\377\0003\000.\000\040\000R\000e\000n\000d\000u\000\040\000e\000t\000\040\000a\000f\000f\000i\000c\000h\000a\000g\000e}{chapter.15}% 61
\BOOKMARK [1][-]{section.15.4}{\376\377\0004\000.\000\040\000S\000q\000u\000e\000l\000e\000t\000t\000e\000\040\000p\000a\000r\000\040\000d\000\351\000f\000a\000u\000t}{chapter.15}% 62
\BOOKMARK [1][-]{section.15.5}{\376\377\0005\000.\000\040\000C\000r\000i\000s\000p\000y\000-\000f\000o\000r\000m\000s}{chapter.15}% 63
\BOOKMARK [1][-]{section.15.6}{\376\377\0006\000.\000\040\000E\000n\000\040\000c\000o\000n\000c\000l\000u\000s\000i\000o\000n}{chapter.15}% 64
\BOOKMARK [0][-]{chapter.16}{\376\377\000C\000h\000a\000p\000t\000e\000r\000\040\0001\0006\000.\000\040\000V\000u\000e\000s}{part*.3}% 65
\BOOKMARK [1][-]{section.16.1}{\376\377\0001\000.\000\040\000F\000u\000n\000c\000t\000i\000o\000n\000\040\000B\000a\000s\000e\000d\000\040\000V\000i\000e\000w\000s}{chapter.16}% 66
\BOOKMARK [1][-]{section.16.2}{\376\377\0002\000.\000\040\000C\000l\000a\000s\000s\000\040\000B\000a\000s\000e\000d\000\040\000V\000i\000e\000w\000s}{chapter.16}% 67
\BOOKMARK [0][-]{chapter.17}{\376\377\000C\000h\000a\000p\000t\000e\000r\000\040\0001\0007\000.\000\040\000T\000e\000m\000p\000l\000a\000t\000e\000s}{part*.3}% 68
\BOOKMARK [1][-]{section.17.1}{\376\377\0001\000.\000\040\000S\000t\000r\000u\000c\000t\000u\000r\000e\000\040\000e\000t\000\040\000c\000o\000n\000f\000i\000g\000u\000r\000a\000t\000i\000o\000n}{chapter.17}% 69
\BOOKMARK [1][-]{section.17.2}{\376\377\0002\000.\000\040\000B\000u\000i\000l\000t\000i\000n\000s}{chapter.17}% 70
\BOOKMARK [1][-]{section.17.3}{\376\377\0003\000.\000\040\000N\000o\000n\000-\000b\000u\000i\000l\000t\000i\000n\000s}{chapter.17}% 71
\BOOKMARK [1][-]{section.17.4}{\376\377\0004\000.\000\040\000C\000o\000n\000t\000e\000x\000t\000s\000\040\000P\000r\000o\000c\000e\000s\000s\000o\000r\000s}{chapter.17}% 72
\BOOKMARK [1][-]{section.17.5}{\376\377\0005\000.\000\040\000M\000i\000s\000e\000\040\000e\000n\000\040\000p\000a\000g\000e}{chapter.17}% 73
\BOOKMARK [0][-]{chapter.18}{\376\377\000C\000h\000a\000p\000t\000e\000r\000\040\0001\0008\000.\000\040\000U\000R\000L\000s\000\040\000e\000t\000\040\000e\000s\000p\000a\000c\000e\000s\000\040\000d\000e\000\040\000n\000o\000m\000s}{part*.3}% 74
\BOOKMARK [1][-]{section.18.1}{\376\377\0001\000.\000\040\000R\000e\000v\000e\000r\000s\000e}{chapter.18}% 75
\BOOKMARK [0][-]{chapter.19}{\376\377\000C\000h\000a\000p\000t\000e\000r\000\040\0001\0009\000.\000\040\000A\000u\000t\000h\000e\000n\000t\000i\000f\000i\000c\000a\000t\000i\000o\000n}{part*.3}% 76
\BOOKMARK [1][-]{section.19.1}{\376\377\0001\000.\000\040\000M\000\351\000c\000a\000n\000i\000s\000m\000e\000\040\000d\040\031\000a\000u\000t\000h\000e\000n\000t\000i\000f\000i\000c\000a\000t\000i\000o\000n}{chapter.19}% 77
\BOOKMARK [1][-]{section.19.2}{\376\377\0002\000.\000\040\000M\000o\000d\000i\000f\000i\000c\000a\000t\000i\000o\000n\000\040\000d\000u\000\040\000m\000o\000d\000\350\000l\000e}{chapter.19}% 78
\BOOKMARK [1][-]{section.19.3}{\376\377\0003\000.\000\040\000E\000x\000t\000e\000n\000s\000i\000o\000n\000\040\000d\000u\000\040\000m\000o\000d\000\350\000l\000e\000\040\000e\000x\000i\000s\000t\000a\000n\000t}{chapter.19}% 79
\BOOKMARK [1][-]{section.19.4}{\376\377\0004\000.\000\040\000S\000u\000b\000s\000t\000i\000t\000u\000t\000i\000o\000n}{chapter.19}% 80
\BOOKMARK [0][-]{chapter.20}{\376\377\000C\000h\000a\000p\000t\000e\000r\000\040\0002\0000\000.\000\040\000L\000o\000g\000g\000i\000n\000g}{part*.3}% 81
\BOOKMARK [-1][-]{part*.4}{\376\377\000G\000o\000\040\000L\000i\000v\000e\000\040\000!}{}% 82
\BOOKMARK [0][-]{chapter.21}{\376\377\000C\000h\000a\000p\000t\000e\000r\000\040\0002\0001\000.\000\040\000G\000w\000i\000f\000t}{part*.4}% 83
\BOOKMARK [0][-]{chapter.22}{\376\377\000C\000h\000a\000p\000t\000e\000r\000\040\0002\0002\000.\000\040\000B\000e\000s\000o\000i\000n\000s\000\040\000u\000t\000i\000l\000i\000s\000a\000t\000e\000u\000r\000s}{part*.4}% 84
\BOOKMARK [0][-]{chapter.23}{\376\377\000C\000h\000a\000p\000t\000e\000r\000\040\0002\0003\000.\000\040\000B\000e\000s\000o\000i\000n\000s\000\040\000f\000o\000n\000c\000t\000i\000o\000n\000n\000e\000l\000s}{part*.4}% 85
\BOOKMARK [1][-]{section.23.1}{\376\377\0001\000.\000\040\000G\000e\000s\000t\000i\000o\000n\000\040\000d\000e\000s\000\040\000u\000t\000i\000l\000i\000s\000a\000t\000e\000u\000r\000s}{chapter.23}% 86
\BOOKMARK [1][-]{section.23.2}{\376\377\0002\000.\000\040\000G\000e\000s\000t\000i\000o\000n\000\040\000d\000e\000s\000\040\000l\000i\000s\000t\000e\000s}{chapter.23}% 87
\BOOKMARK [1][-]{section.23.3}{\376\377\0003\000.\000\040\000G\000e\000s\000t\000i\000o\000n\000\040\000d\000e\000s\000\040\000s\000o\000u\000h\000a\000i\000t\000s}{chapter.23}% 88
\BOOKMARK [1][-]{section.23.4}{\376\377\0004\000.\000\040\000G\000e\000s\000t\000i\000o\000n\000\040\000d\000e\000s\000\040\000r\000\351\000a\000l\000i\000s\000a\000t\000i\000o\000n\000s\000\040\000d\000e\000\040\000s\000o\000u\000h\000a\000i\000t\000s}{chapter.23}% 89
\BOOKMARK [1][-]{section.23.5}{\376\377\0005\000.\000\040\000G\000e\000s\000t\000i\000o\000n\000\040\000d\000e\000s\000\040\000p\000e\000r\000s\000o\000n\000n\000e\000s\000\040\000r\000\351\000a\000l\000i\000s\000a\000n\000t\000s\000\040\000l\000e\000s\000\040\000s\000o\000u\000h\000a\000i\000t\000s\000\040\000e\000t\000\040\000q\000u\000i\000\040\000n\000e\000\040\000s\000o\000n\000t\000\040\000p\000a\000s\000\040\000c\000o\000n\000n\000u\000e\000s}{chapter.23}% 90
\BOOKMARK [0][-]{chapter.24}{\376\377\000C\000h\000a\000p\000t\000e\000r\000\040\0002\0004\000.\000\040\000T\000e\000s\000t\000s\000\040\000u\000n\000i\000t\000a\000i\000r\000e\000s}{part*.4}% 91
\BOOKMARK [1][-]{section.24.1}{\376\377\0001\000.\000\040\000P\000o\000u\000r\000q\000u\000o\000i\000\040\000s\040\031\000e\000n\000n\000u\000y\000e\000r\000\040\000\340\000\040\000\351\000c\000r\000i\000r\000e\000\040\000d\000e\000s\000\040\000t\000e\000s\000t\000s\000?}{chapter.24}% 92
\BOOKMARK [1][-]{section.24.2}{\376\377\0002\000.\000\040\000W\000h\000y\000\040\000B\000o\000t\000h\000e\000r\000\040\000w\000i\000t\000h\000\040\000T\000e\000s\000t\000\040\000D\000i\000s\000c\000i\000p\000l\000i\000n\000e\000?}{chapter.24}% 93
\BOOKMARK [1][-]{section.24.3}{\376\377\0003\000.\000\040\000W\000h\000a\000t\000\040\000a\000r\000e\000\040\000y\000o\000u\000\040\000t\000e\000s\000t\000i\000n\000g\000?}{chapter.24}% 94
\BOOKMARK [1][-]{section.24.4}{\376\377\0004\000.\000\040\000C\000o\000u\000v\000e\000r\000t\000u\000r\000e\000\040\000d\000e\000\040\000c\000o\000d\000e}{chapter.24}% 95
\BOOKMARK [1][-]{section.24.5}{\376\377\0005\000.\000\040\000C\000o\000m\000m\000e\000n\000t\000\040\000t\000e\000s\000t\000e\000r\000\040\000?}{chapter.24}% 96
\BOOKMARK [1][-]{section.24.6}{\376\377\0006\000.\000\040\000Q\000u\000e\000l\000q\000u\000e\000s\000\040\000l\000i\000e\000n\000s\000\040\000u\000t\000i\000l\000e\000s}{chapter.24}% 97
\BOOKMARK [0][-]{chapter.25}{\376\377\000C\000h\000a\000p\000t\000e\000r\000\040\0002\0005\000.\000\040\000R\000e\000f\000a\000c\000t\000o\000r\000i\000n\000g}{part*.4}% 98
\BOOKMARK [1][-]{section.25.1}{\376\377\0001\000.\000\040\000C\000l\000a\000s\000s\000e\000\040\000a\000b\000s\000t\000r\000a\000i\000t\000e}{chapter.25}% 99
\BOOKMARK [1][-]{section.25.2}{\376\377\0002\000.\000\040\000H\000\351\000r\000i\000t\000a\000g\000e\000\040\000c\000l\000a\000s\000s\000i\000q\000u\000e}{chapter.25}% 100
\BOOKMARK [1][-]{section.25.3}{\376\377\0003\000.\000\040\000C\000l\000a\000s\000s\000e\000\040\000p\000r\000o\000x\000y}{chapter.25}% 101
\BOOKMARK [0][-]{chapter.26}{\376\377\000C\000h\000a\000p\000t\000e\000r\000\040\0002\0006\000.\000\040\000K\000h\000a\000n\000a}{part*.4}% 102
\BOOKMARK [-1][-]{part*.5}{\376\377\000R\000e\000s\000s\000o\000u\000r\000c\000e\000s\000\040\000e\000t\000\040\000b\000i\000b\000l\000i\000o\000g\000r\000a\000p\000h\000i\000e}{}% 103
\BOOKMARK [0][-]{chapter.27}{\376\377\000C\000h\000a\000p\000t\000e\000r\000\040\0002\0007\000.\000\040\000S\000n\000i\000p\000p\000e\000t\000s\000\040\000u\000t\000i\000l\000e\000s\000\040\000\050\000e\000t\000\040\000f\000o\000r\000c\000\351\000m\000e\000n\000t\000\040\000d\000i\000s\000p\000e\000n\000s\000a\000b\000l\000e\000s\000\051}{part*.5}% 104
\BOOKMARK [1][-]{section.27.1}{\376\377\0001\000.\000\040\000R\000\351\000c\000u\000p\000\351\000r\000a\000t\000i\000o\000n\000\040\000d\000u\000\040\000d\000e\000r\000n\000i\000e\000r\000\040\000t\000a\000g\000\040\000G\000i\000t\000\040\000e\000n\000\040\000P\000y\000t\000h\000o\000n}{chapter.27}% 105
\BOOKMARK [0][-]{chapter.28}{\376\377\000C\000h\000a\000p\000t\000e\000r\000\040\0002\0008\000.\000\040\000A\000p\000p\000l\000i\000c\000a\000t\000i\000o\000n\000s\000\040\000L\000e\000g\000a\000c\000y}{part*.5}% 106
\BOOKMARK [0][-]{chapter.29}{\376\377\000C\000h\000a\000p\000t\000e\000r\000\040\0002\0009\000.\000\040\000L\000i\000v\000r\000e\000s}{part*.5}% 107
